1548123554823	mozrunner::runner	INFO	Running command: "F:\\Firefox\\firefox.exe" "-marionette" "-foreground" "-no-remote" "-profile" "C:\\Users\\HP\\AppData\\Local\\Temp\\rust_mozprofile.nvmDhTzQAq5O"
1548123555508	addons.webextension.screenshots@mozilla.org	WARN	Loading extension 'screenshots@mozilla.org': Reading manifest: Invalid host permission: resource://pdf.js/
1548123555509	addons.webextension.screenshots@mozilla.org	WARN	Loading extension 'screenshots@mozilla.org': Reading manifest: Invalid host permission: about:reader*
1548123557874	Marionette	INFO	Listening on port 4069
1548123558130	Marionette	WARN	TLS certificate errors will be ignored for this session
[Parent 1296, Gecko_IOThread] WARNING: pipe error: 109: file z:/build/build/src/ipc/chromium/src/chrome/common/ipc_channel_win.cc, line 346
[Parent 1296, Gecko_IOThread] WARNING: pipe error: 109: file z:/build/build/src/ipc/chromium/src/chrome/common/ipc_channel_win.cc, line 346
[Child 12816, Chrome_ChildThread] WARNING: pipe error: [Child 13264, Chrome_C109: file z:/build/build/src/ipc/chromium/src/hildThrechrome/common/ipc_channel_win.cc, line 346ad]
 WARNIN[Child 1G: pipe error: 109: file z:/build/build/src/ipc/chromium/src/chrome/common/ipc_channel_win.cc, line 346
[Child 1[Parent 1296, Gecko_IOThread] WARNING: pipe error: 109: file z:/build/build/src/ipc/chromium/src/chrome/common/ipc_channel_win.cc, line 346
[Child 12196, Chrome_ChildThread] WARNING: pipe error: 109: file z:/build/build/src/ipc/chromium/src/chrome/common/ipc_channel_win.cc, line 346
[Child 12196, Ch1548123565866	Marionette	INFO	Stopped listening on port 4069
[G
###!!! [Child][RunMessage] Error: Channel closing: too late to send/recv, messages will be lost


###!!! [Child][MessageChannel::SendAndWait] Error: Channel error: cannot send/recv

1548123609095	mozrunner::runner	INFO	Running command: "F:\\Firefox\\firefox.exe" "-marionette" "-foreground" "-no-remote" "-profile" "C:\\Users\\HP\\AppData\\Local\\Temp\\rust_mozprofile.v0J2aPPIUKii"
1548123609469	addons.webextension.screenshots@mozilla.org	WARN	Loading extension 'screenshots@mozilla.org': Reading manifest: Invalid host permission: resource://pdf.js/
1548123609469	addons.webextension.screenshots@mozilla.org	WARN	Loading extension 'screenshots@mozilla.org': Reading manifest: Invalid host permission: about:reader*
1548123610915	Marionette	INFO	Listening on port 4109
1548123611238	Marionette	WARN	TLS certificate errors will be ignored for this session
[Parent 8732, Gecko_IOThread] WARNING: pipe error: 109: file z:/build/build/src/ipc/chromium/src/chrome/common/ipc_channel_win.cc, line 346
[Parent 8732, Gecko_IOThread] WARNING: pipe error: 109: file z:/build/build/src/ipc/chromium/src/chrome/common/ipc_channel_win.cc, line 346
[Child 11492, Chrome_ChildThread] WARNING: pipe error: 109: file z:/build/build/src/ipc/[Child 988, Chrome_ChildThread] WARNING: pipe cehrrror: 109: file zomium/src/chrome/common:/ipc_channel_win.cc, line 346/
build/build/sr[Child c/ipc/chromium/src/chrome/common/ipc_channel_win.cc, line 346
[Child[Parent 8732, Gecko_IOThread] WARNING: pipe error: 109: file z:/build/build/src/ipc/chromium/src/chrome/common/ipc_channel_win.cc, line 346
[Child 14148, Chrome_ChildThread] WARNING: pipe error: 109: file z:/build/build/src/ipc/chromium/src/chrome/common/ipc_channel_win.cc, line 346
[ChildJavaScript error: resource://gre/modules/IndexedDB.jsm, line 349: UnknownError: The operation failed for reasons unrelated to the database itself and not covered by any other error code.
JavaScript error: resource://gre/modules/Sqlite.jsm, line 841: Error: Connection is not open.
1548123612315	Marionette	INFO	Stopped listening on port 4109

###!!! [Child][RunMessage] Error: Channel closing: too late to send/recv, messages will be lost

[G
###!!! [Child][MessageChannel::SendAndWait] Error: Channel error: cannot send/recv

1548123639238	mozrunner::runner	INFO	Running command: "F:\\Firefox\\firefox.exe" "-marionette" "-foreground" "-no-remote" "-profile" "C:\\Users\\HP\\AppData\\Local\\Temp\\rust_mozprofile.MhyYBLf2MXja"
1548123640131	addons.webextension.screenshots@mozilla.org	WARN	Loading extension 'screenshots@mozilla.org': Reading manifest: Invalid host permission: resource://pdf.js/
1548123640131	addons.webextension.screenshots@mozilla.org	WARN	Loading extension 'screenshots@mozilla.org': Reading manifest: Invalid host permission: about:reader*
1548123641682	Marionette	INFO	Listening on port 4137
1548123641983	Marionette	WARN	TLS certificate errors will be ignored for this session
[Parent 8752, Gecko_IOThread] WARNING: pipe error: 109: file z:/build/build/src/ipc/chromium/src/chrome/common/ipc_channel_win.cc, line 346
[Parent 8752, Gecko_IOThread] WARNING: pipe error: 109: file z:/build/build/src/ipc/chromium/src/chrome/common/ipc_channel_win.cc, line 346
[Child 14008, Chrome_ChildThread] WARNING: pipe error: 109: file z:/build/build/src/ipc/chromium/src/chrome/common/ipc_cha[Child 2592, Chrome_ChildThread] WARNnINGnel_win.: pipce error: 109: file z:/build/build/src/ipc/chromium/src/chrome/common/ipc_channel_winc.,cc, line  line 33464
6
[Child 259[2, Chrome[Parent 8752, Gecko_IOThread] WARNING: pipe error: 109: file z:/build/build/src/ipc/chromium/src/chrome/common/ipc_channel_win.cc, line 346
[Child 16428, Chrome_ChildThread] WARNING: pipe error: 109: file z:/build/build/src/ipc/chromium/src/chrome/common/ipc_channel_win.cc, line 346
[Child 161548123661264	Marionette	INFO	Stopped listening on port 4137
[
###!!! [Child][MessageChannel::SendAndWait] Error: Channel error: cannot send/recv

1548123693995	mozrunner::runner	INFO	Running command: "F:\\Firefox\\firefox.exe" "-marionette" "-foreground" "-no-remote" "-profile" "C:\\Users\\HP\\AppData\\Local\\Temp\\rust_mozprofile.gvNDfpv3li3N"
1548123695322	addons.webextension.screenshots@mozilla.org	WARN	Loading extension 'screenshots@mozilla.org': Reading manifest: Invalid host permission: resource://pdf.js/
1548123695323	addons.webextension.screenshots@mozilla.org	WARN	Loading extension 'screenshots@mozilla.org': Reading manifest: Invalid host permission: about:reader*
1548123696718	Marionette	INFO	Listening on port 4197
1548123697220	Marionette	WARN	TLS certificate errors will be ignored for this session
[Parent 17148, Gecko_IOThread] WARNING: pipe error: 109: file z:/build/build/src/ipc/chromium/src/chrome/common/ipc_channel_win.cc, line 346
[Parent 17148, Gecko_IOThread] WARNING: pipe error: 109: file z:/build/build/src/ipc/chromium/src/chrome/common/ipc_channel_win.cc, line 346
[Child 8188, Chrome_ChildThread] WARNING: pipe error: 109: file z:/build/build/src/ipc/chromium[Child 664, Chrome_ChildThread/src/chrom]e/com WARmNING: pipe error: 109: file z:/build/build/son/ipc_channel_win.cc, line 346rc/ipc/chromium/src/chrome/common/ipc_channel_win.cc, line 346

[Child 8188,[[Parent 17148, Gecko_IOThread] WARNING: pipe error: 109: file z:/build/build/src/ipc/chromium/src/chrome/common/ipc_channel_win.cc, line 346
[Child 9492, Chrome_ChildThread] WARNING: pipe error: 109: file z:/build/build/src/ipc/chromium/src/chrome/common/ipc_channel_win.cc, line 346
[Child 94921548123728404	Marionette	INFO	Stopped listening on port 4197
[G
###!!! [Child][RunMessage] Error: Channel closing: too late to send/recv, messages will be lost

P
###!!! [Child][MessageChannel::SendAndWait] Error: Channel error: cannot send/recv

1548123765676	mozrunner::runner	INFO	Running command: "F:\\Firefox\\firefox.exe" "-marionette" "-foreground" "-no-remote" "-profile" "C:\\Users\\HP\\AppData\\Local\\Temp\\rust_mozprofile.C9bgBySZLIz5"
1548123766876	addons.webextension.screenshots@mozilla.org	WARN	Loading extension 'screenshots@mozilla.org': Reading manifest: Invalid host permission: resource://pdf.js/
1548123766876	addons.webextension.screenshots@mozilla.org	WARN	Loading extension 'screenshots@mozilla.org': Reading manifest: Invalid host permission: about:reader*
1548123768307	Marionette	INFO	Listening on port 4263
1548123768397	Marionette	WARN	TLS certificate errors will be ignored for this session
[Parent 16428, Gecko_IOThread] WARNING: pipe error: 109: file z:/build/build/src/ipc/chromium/src/chrome/common/ipc_channel_win.cc, line 346
[Parent 16428, Gecko_IOThread] WARNING: pipe error: 109: file z:/build/build/src/ipc/chromium/src/chrome/common/ipc_channel_win.cc, line 346
[Parent 16428, Gecko_IOThread] WARNING: file z:/build/build/src/ipc/chromium/src/base/process_util_win.cc, line 188
[Parent 16428, Gecko_IOThread] WARNING: file z:/build/build/src/ipc/chromium/src/base/process_util_win.cc, line 188
[Parent 16428, Gecko_IOThread] WARNING: pipe error: 109: file z:/build/build/src/ipc/chromium/src/chrome/common/ipc_channel_win.cc, line 346
[Child 13584, Chrome_ChildThread] WARNING: pipe error: 109: file z:/build/build/src/ipc/chromium/src/chrome/common/ipc_channel_win.cc, line 346
[Child 13581548123795421	Marionette	INFO	Stopped listening on port 4263
[GPU 
###!!! [Child][RunMessage] Error: Channel closing: too late to send/recv, messages will be lost


###!!! [Child][MessageChannel::SendAndWait] Error: Channel error: cannot send/recv

1548124238798	mozrunner::runner	INFO	Running command: "F:\\Firefox\\firefox.exe" "-marionette" "-foreground" "-no-remote" "-profile" "C:\\Users\\HP\\AppData\\Local\\Temp\\rust_mozprofile.X4KB9fDeG2ue"
1548124240023	addons.webextension.screenshots@mozilla.org	WARN	Loading extension 'screenshots@mozilla.org': Reading manifest: Invalid host permission: resource://pdf.js/
1548124240023	addons.webextension.screenshots@mozilla.org	WARN	Loading extension 'screenshots@mozilla.org': Reading manifest: Invalid host permission: about:reader*
1548124244086	Marionette	INFO	Listening on port 4539
1548124244221	Marionette	WARN	TLS certificate errors will be ignored for this session
[Parent 15596, Gecko_IOThread] WARNING: pipe error: 109: file z:/build/build/src/ipc/chromium/src/chrome/common/ipc_channel_win.cc, line 346
[Parent 15596, Gecko_IOThread] WARNING: pipe error: 109: file z:/build/build/src/ipc/chromium/src/chrome/common/ipc_channel_win.cc, line 346
[Child 12620, Chrome_ChildThread] WARNING: pipe error: 109: file z:/build/build/src/ipc/chro[Child 14792, Chrmoium/src/chrome/commome_ChildThread] WARNING: pipe erron/ipc_channel_win.ccr: 109: file z:/build/build/src/ipc/chromium/src/chrome/common/ipc_, line 346channel_win.cc, line 346

[[Child 14792, Ch[Parent 15596, Gecko_IOThread] WARNING: pipe error: 109: file z:/build/build/src/ipc/chromium/src/chrome/common/ipc_channel_win.cc, line 346
[Child 4496, Chrome_ChildThread] WARNING: pipe error: 109: file z:/build/build/src/ipc/chromium/src/chrome/common/ipc_channel_win.cc, line 346
[Chil1548124254652	Marionette	INFO	Stopped listening on port 4539

###!!! [Child][RunMessage] Error: Channel closing: too late to send/recv, messages will be lost

[
###!!! [Child][MessageChannel::SendAndWait] Error: Channel error: cannot send/recv

1548124574861	mozrunner::runner	INFO	Running command: "F:\\Firefox\\firefox.exe" "-marionette" "-foreground" "-no-remote" "-profile" "C:\\Users\\HP\\AppData\\Local\\Temp\\rust_mozprofile.lGoL7WwHAY6V"
1548124576103	addons.webextension.screenshots@mozilla.org	WARN	Loading extension 'screenshots@mozilla.org': Reading manifest: Invalid host permission: resource://pdf.js/
1548124576104	addons.webextension.screenshots@mozilla.org	WARN	Loading extension 'screenshots@mozilla.org': Reading manifest: Invalid host permission: about:reader*
1548124577610	Marionette	INFO	Listening on port 4664
1548124578099	Marionette	WARN	TLS certificate errors will be ignored for this session
[Parent 13868, Gecko_IOThread] WARNING: pipe error: 109: file z:/build/build/src/ipc/chromium/src/chrome/common/ipc_channel_win.cc, line 346
[Child 11428, Chrome_ChildThread] WARNING: pipe error: 109: file z:/build/build/src/ipc/chromium/src/chrome/common/ipc_channel_win.cc, line[ 346Child 7936, Chrome_Child
Thread] WARN[Child ING: pipe error: 109: file z:/build/build/src/ipc/chromium/src/chrome/common/ipc_channel_win.cc, line 346
[Child[Parent 13868, Gecko_IOThread] WARNING: pipe error: 109: file z:/build/build/src/ipc/chromium/src/chrome/common/ipc_channel_win.cc, line 346
[Child 15836, Chrome_ChildThread] WARNING: pipe error: 109: file z:/build/build/src/ipc/chromium/src/chrome/common/ipc_channel_win.cc, line 346
[Child 11548124590390	Marionette	INFO	Stopped listening on port 4664

###!!! [Child][MessageChannel::SendAndWait] Error: Channel error: cannot send/recv

1548124603938	mozrunner::runner	INFO	Running command: "F:\\Firefox\\firefox.exe" "-marionette" "-foreground" "-no-remote" "-profile" "C:\\Users\\HP\\AppData\\Local\\Temp\\rust_mozprofile.qMC7YiM0ELYY"
1548124605151	addons.webextension.screenshots@mozilla.org	WARN	Loading extension 'screenshots@mozilla.org': Reading manifest: Invalid host permission: resource://pdf.js/
1548124605151	addons.webextension.screenshots@mozilla.org	WARN	Loading extension 'screenshots@mozilla.org': Reading manifest: Invalid host permission: about:reader*
1548124606631	Marionette	INFO	Listening on port 4719
1548124606688	Marionette	WARN	TLS certificate errors will be ignored for this session
[Parent 11328, Gecko_IOThread] WARNING: pipe error: 109: file z:/build/build/src/ipc/chromium/src/chrome/common/ipc_channel_win.cc, line 346
[Child 12792, Chrome_ChildThread] WARNING: pipe error: 109: file z:/build/build/src/ipc/chromium/src/chrome/common/ipc_channel_win.cc, line 346
[Child [Child 11968, Chrome_ChildThread] WARNING: pipe error: 109: file z:/build/build/src/ipc/chromium/src/chrome/common/ipc_channel_win.cc, line 346
[Child 11[Parent 11328, Gecko_IOThread] WARNING: pipe error: 109: file z:/build/build/src/ipc/chromium/src/chrome/common/ipc_channel_win.cc, line 346
[Child 7604, Chrome_ChildThread] WARNING: pipe error: 109: file z:/build/build/src/ipc/chromium/src/chrome/common/ipc_channel_win.cc, line 346
[Child 7604, C1548124613508	Marionette	INFO	Stopped listening on port 4719
[
###!!! [Child][MessageChannel::SendAndWait] Error: Channel error: cannot send/recv

1548124634056	mozrunner::runner	INFO	Running command: "F:\\Firefox\\firefox.exe" "-marionette" "-foreground" "-no-remote" "-profile" "C:\\Users\\HP\\AppData\\Local\\Temp\\rust_mozprofile.Rp3S9C6tURin"
1548124635271	addons.webextension.screenshots@mozilla.org	WARN	Loading extension 'screenshots@mozilla.org': Reading manifest: Invalid host permission: resource://pdf.js/
1548124635271	addons.webextension.screenshots@mozilla.org	WARN	Loading extension 'screenshots@mozilla.org': Reading manifest: Invalid host permission: about:reader*
1548124636746	Marionette	INFO	Listening on port 4779
1548124636799	Marionette	WARN	TLS certificate errors will be ignored for this session
[Parent 1088, Gecko_IOThread] WARNING: pipe error: 109: file z:/build/build/src/ipc/chromium/src/chrome/common/ipc_channel_win.cc, line 346
[Parent 1088, Gecko_IOThread] WARNING: pipe error: 109: file z:/build/build/src/ipc/chromium/src/chrome/common/ipc_channel_win.cc, line 346
[Child 12868, Chrome_ChildThread] WARNING: pipe error: 109: file z:/build/build/src/i[Child 8788, Chrome_ChildThread] WARNING: pipepc/chr error: 109: file z:omium/build/build/src/i/src/chromepc/chromium/s/commonrc/chrome/common/ipc_channel_win.cc, line 346/ipc_channel_win.cc, line 346

[Chil[Ch[Parent 1088, Gecko_IOThread] WARNING: pipe error: 109: file z:/build/build/src/ipc/chromium/src/chrome/common/ipc_channel_win.cc, line 346
[Child 4900, Chrome_ChildThread] WARNING: pipe error: 109: file z:/build/build/src/ipc/chromium/src/chrome/common/ipc_channel_win.cc, line 346
[1548124643897	Marionette	INFO	Stopped listening on port 4779

###!!! [Child][RunMessage] Error: Channel closing: too late to send/recv, messages will be lost

[
###!!! [Child][MessageChannel::SendAndWait] Error: Channel error: cannot send/recv

1548124704723	mozrunner::runner	INFO	Running command: "F:\\Firefox\\firefox.exe" "-marionette" "-foreground" "-no-remote" "-profile" "C:\\Users\\HP\\AppData\\Local\\Temp\\rust_mozprofile.XyZftd666x7J"
1548124705820	addons.webextension.screenshots@mozilla.org	WARN	Loading extension 'screenshots@mozilla.org': Reading manifest: Invalid host permission: resource://pdf.js/
1548124705821	addons.webextension.screenshots@mozilla.org	WARN	Loading extension 'screenshots@mozilla.org': Reading manifest: Invalid host permission: about:reader*
1548124707465	Marionette	INFO	Listening on port 4847
1548124707957	Marionette	WARN	TLS certificate errors will be ignored for this session
[Child 10844, Chrome_ChildThread] WARNING: pipe error: 109: file z:/build/build/src/ipc/chromium/src/chrome/common/ipc_channel_win.cc, line 346
[ChiJavaScript error: jar:file:///F:/Firefox/omni.ja!/components/nsUrlClassifierListManager.js, line 597: TypeError: this.tablesData[table] is undefined
[Parent 15100, Gecko_IOThread] WARNING: pipe error: 109: file z:/build/build/src/ipc/chromium/src/chrome/common/ipc_channel_win.cc, line 346
[Child 8252, Chrome_ChildThread] WARNING: pipe error: 109: file z:/build/build/src/ipc/chromium/src/chrome/common/ipc_channel_win.cc, line 346
[Child 82521548124721904	Marionette	INFO	Stopped listening on port 4847
[
###!!! [Child][MessageChannel::SendAndWait] Error: Channel error: cannot send/recv

